<?xml version="1.0" encoding="UTF-8"?>
<!-- Generated by org.testng.reporters.JUnitReportReporter -->
<testsuite name="mq.com.restassured02.Test01" tests="1" time="1.843" ignored="0" failures="0" timestamp="04 Apr 2017 14:53:00 GMT" skipped="0" hostname="MINHAJULs-MBP.home" errors="0">
  <testcase name="getAccessToken" time="1.843" classname="mq.com.restassured02.Test01"/>
</testsuite> <!-- mq.com.restassured02.Test01 -->
